<?xml version="1.0" encoding="UTF-8"?>
<testng-results ignored="0" total="1" passed="1" failed="0" skipped="0">
  <reporter-output>
  </reporter-output>
  <suite started-at="2020-10-08T08:34:12Z" name="Default suite" finished-at="2020-10-08T08:34:18Z" duration-ms="5737">
    <groups>
    </groups>
    <test started-at="2020-10-08T08:34:12Z" name="Default test" finished-at="2020-10-08T08:34:18Z" duration-ms="5737">
      <class name="new_UI.Setup">
        <test-method signature="compare()[pri:0, instance:new_UI.Setup@5158b42f]" started-at="2020-10-08T08:34:12Z" name="compare" finished-at="2020-10-08T08:34:18Z" duration-ms="5690" status="PASS">
          <reporter-output>
          </reporter-output>
        </test-method> <!-- compare -->
      </class> <!-- new_UI.Setup -->
    </test> <!-- Default test -->
  </suite> <!-- Default suite -->
</testng-results>
